<?xml version="1.0" encoding="UTF-8"?>
<testng-results ignored="2" total="3" passed="1" failed="0" skipped="0">
  <reporter-output>
  </reporter-output>
  <suite started-at="2022-12-16T00:02:14 PST" name="Default suite" finished-at="2022-12-16T00:02:15 PST" duration-ms="275">
    <groups>
    </groups>
    <test started-at="2022-12-16T00:02:14 PST" name="Default test" finished-at="2022-12-16T00:02:15 PST" duration-ms="275">
      <class name="com.mytestngtests2.TestNGTestDay23">
        <test-method signature="testScript_2()[pri:0, instance:com.mytestngtests2.TestNGTestDay23@48974e45]" started-at="2022-12-16T00:02:15 PST" name="testScript_2" finished-at="2022-12-16T00:02:15 PST" duration-ms="54" status="PASS">
          <reporter-output>
          </reporter-output>
        </test-method> <!-- testScript_2 -->
      </class> <!-- com.mytestngtests2.TestNGTestDay23 -->
    </test> <!-- Default test -->
  </suite> <!-- Default suite -->
</testng-results>
