<?xml version="1.0" encoding="UTF-8"?>
<testng-results ignored="35" total="36" passed="1" failed="0" skipped="0">
  <reporter-output>
  </reporter-output>
  <suite started-at="2023-01-08T18:18:24 PST" name="Default suite" finished-at="2023-01-08T18:19:16 PST" duration-ms="51226">
    <groups>
    </groups>
    <test started-at="2023-01-08T18:18:24 PST" name="Default test" finished-at="2023-01-08T18:19:16 PST" duration-ms="51226">
      <class name="salesforce">
        <test-method is-config="true" signature="launchApp()[pri:0, instance:salesforce@223aa2f7]" started-at="2023-01-08T18:18:24 PST" name="launchApp" finished-at="2023-01-08T18:18:32 PST" duration-ms="7351" status="PASS">
          <reporter-output>
          </reporter-output>
        </test-method> <!-- launchApp -->
        <test-method signature="TC34()[pri:0, instance:salesforce@223aa2f7]" started-at="2023-01-08T18:18:32 PST" name="TC34" finished-at="2023-01-08T18:19:15 PST" duration-ms="43414" status="PASS">
          <reporter-output>
          </reporter-output>
        </test-method> <!-- TC34 -->
        <test-method is-config="true" signature="closeapp()[pri:0, instance:salesforce@223aa2f7]" started-at="2023-01-08T18:19:15 PST" name="closeapp" finished-at="2023-01-08T18:19:16 PST" duration-ms="409" status="PASS">
          <reporter-output>
          </reporter-output>
        </test-method> <!-- closeapp -->
      </class> <!-- salesforce -->
    </test> <!-- Default test -->
  </suite> <!-- Default suite -->
</testng-results>
