<?xml version="1.0" encoding="UTF-8"?>
<!-- Generated by org.testng.reporters.JUnitXMLReporter -->
<testsuite ignored="35" hostname="DESKTOP-PA5GVIV" failures="0" tests="1" name="Default test" time="51.226" errors="0" timestamp="2023-01-08T18:19:16 PST">
  <testcase classname="salesforce" name="TC34" time="43.414"/>
  <testcase classname="salesforce" name="TC18" time="0.0">
    <ignored/>
  </testcase> <!-- TC18 -->
  <testcase classname="salesforce" name="TC17" time="0.0">
    <ignored/>
  </testcase> <!-- TC17 -->
  <testcase classname="salesforce" name="TC16" time="0.0">
    <ignored/>
  </testcase> <!-- TC16 -->
  <testcase classname="salesforce" name="TC15" time="0.0">
    <ignored/>
  </testcase> <!-- TC15 -->
  <testcase classname="salesforce" name="TC14" time="0.0">
    <ignored/>
  </testcase> <!-- TC14 -->
  <testcase classname="salesforce" name="TC13" time="0.0">
    <ignored/>
  </testcase> <!-- TC13 -->
  <testcase classname="salesforce" name="TC35" time="0.0">
    <ignored/>
  </testcase> <!-- TC35 -->
  <testcase classname="salesforce" name="TC12" time="0.0">
    <ignored/>
  </testcase> <!-- TC12 -->
  <testcase classname="salesforce" name="TC11" time="0.0">
    <ignored/>
  </testcase> <!-- TC11 -->
  <testcase classname="salesforce" name="TC33" time="0.0">
    <ignored/>
  </testcase> <!-- TC33 -->
  <testcase classname="salesforce" name="TC4b" time="0.0">
    <ignored/>
  </testcase> <!-- TC4b -->
  <testcase classname="salesforce" name="TC4a" time="0.0">
    <ignored/>
  </testcase> <!-- TC4a -->
  <testcase classname="salesforce" name="TC19" time="0.0">
    <ignored/>
  </testcase> <!-- TC19 -->
  <testcase classname="salesforce" name="TC1" time="0.0">
    <ignored/>
  </testcase> <!-- TC1 -->
  <testcase classname="salesforce" name="TC3" time="0.0">
    <ignored/>
  </testcase> <!-- TC3 -->
  <testcase classname="salesforce" name="TC2" time="0.0">
    <ignored/>
  </testcase> <!-- TC2 -->
  <testcase classname="salesforce" name="TC5" time="0.0">
    <ignored/>
  </testcase> <!-- TC5 -->
  <testcase classname="salesforce" name="TC10" time="0.0">
    <ignored/>
  </testcase> <!-- TC10 -->
  <testcase classname="salesforce" name="TC32" time="0.0">
    <ignored/>
  </testcase> <!-- TC32 -->
  <testcase classname="salesforce" name="TC6" time="0.0">
    <ignored/>
  </testcase> <!-- TC6 -->
  <testcase classname="salesforce" name="TC31" time="0.0">
    <ignored/>
  </testcase> <!-- TC31 -->
  <testcase classname="salesforce" name="TC9" time="0.0">
    <ignored/>
  </testcase> <!-- TC9 -->
  <testcase classname="salesforce" name="TC30" time="0.0">
    <ignored/>
  </testcase> <!-- TC30 -->
  <testcase classname="salesforce" name="TC8" time="0.0">
    <ignored/>
  </testcase> <!-- TC8 -->
  <testcase classname="salesforce" name="TC29" time="0.0">
    <ignored/>
  </testcase> <!-- TC29 -->
  <testcase classname="salesforce" name="TC28" time="0.0">
    <ignored/>
  </testcase> <!-- TC28 -->
  <testcase classname="salesforce" name="TC27" time="0.0">
    <ignored/>
  </testcase> <!-- TC27 -->
  <testcase classname="salesforce" name="TC26" time="0.0">
    <ignored/>
  </testcase> <!-- TC26 -->
  <testcase classname="salesforce" name="TC25" time="0.0">
    <ignored/>
  </testcase> <!-- TC25 -->
  <testcase classname="salesforce" name="TC24" time="0.0">
    <ignored/>
  </testcase> <!-- TC24 -->
  <testcase classname="salesforce" name="TC23" time="0.0">
    <ignored/>
  </testcase> <!-- TC23 -->
  <testcase classname="salesforce" name="TC22" time="0.0">
    <ignored/>
  </testcase> <!-- TC22 -->
  <testcase classname="salesforce" name="TC21" time="0.0">
    <ignored/>
  </testcase> <!-- TC21 -->
  <testcase classname="salesforce" name="TC20" time="0.0">
    <ignored/>
  </testcase> <!-- TC20 -->
  <testcase classname="salesforce" name="login" time="0.0">
    <ignored/>
  </testcase> <!-- login -->
</testsuite> <!-- Default test -->
