<?xml version="1.0" encoding="UTF-8"?>
<testng-results ignored="1" total="3" passed="2" failed="0" skipped="0">
  <reporter-output>
  </reporter-output>
  <suite started-at="2023-01-16T16:21:04 PST" name="Default suite" finished-at="2023-01-16T16:21:15 PST" duration-ms="10703">
    <groups>
    </groups>
    <test started-at="2023-01-16T16:21:04 PST" name="Default test" finished-at="2023-01-16T16:21:15 PST" duration-ms="10703">
      <class name="tests.RestAPISession">
        <test-method signature="login()[pri:0, instance:tests.RestAPISession@71238fc2]" started-at="2023-01-16T16:21:04 PST" name="login" finished-at="2023-01-16T16:21:12 PST" duration-ms="8027" status="PASS">
          <reporter-output>
          </reporter-output>
        </test-method> <!-- login -->
        <test-method signature="addData()[pri:0, instance:tests.RestAPISession@71238fc2]" started-at="2023-01-16T16:21:12 PST" name="addData" finished-at="2023-01-16T16:21:15 PST" depends-on-methods="tests.RestAPISession.login" duration-ms="2541" status="PASS">
          <reporter-output>
          </reporter-output>
        </test-method> <!-- addData -->
      </class> <!-- tests.RestAPISession -->
    </test> <!-- Default test -->
  </suite> <!-- Default suite -->
</testng-results>
