<?xml version="1.0" encoding="UTF-8"?>
<!-- Generated by org.testng.reporters.JUnitXMLReporter -->
<testsuite ignored="1" hostname="DESKTOP-PA5GVIV" failures="0" tests="2" name="Default test" time="10.703" errors="0" timestamp="2023-01-16T16:21:15 PST">
  <testcase classname="tests.RestAPISession" name="login" time="8.027"/>
  <testcase classname="tests.RestAPISession" name="addData" time="2.541"/>
  <testcase classname="tests.RestAPISession" name="getdata" time="0.0">
    <ignored/>
  </testcase> <!-- getdata -->
</testsuite> <!-- Default test -->
